e:\evelyn project\evelyn\evelyn\x64\release\vc142.pdb
e:\evelyn project\evelyn\evelyn\x64\release\viewobject.obj
e:\evelyn project\evelyn\evelyn\x64\release\puttext.obj
e:\evelyn project\evelyn\evelyn\x64\release\evelyn.obj
e:\evelyn project\evelyn\evelyn\x64\release\evelyn.res
e:\evelyn project\evelyn\x64\release\evelyn.ipdb
e:\evelyn project\evelyn\x64\release\evelyn.iobj
e:\evelyn project\evelyn\x64\release\evelyn.exe
e:\evelyn project\evelyn\x64\release\evelyn.pdb
e:\evelyn project\evelyn\evelyn\x64\release\evelyn.tlog\cl.read.1.tlog
e:\evelyn project\evelyn\evelyn\x64\release\evelyn.tlog\cl.write.1.tlog
e:\evelyn project\evelyn\evelyn\x64\release\evelyn.tlog\cl.command.1.tlog
e:\evelyn project\evelyn\evelyn\x64\release\evelyn.tlog\rc.read.1.tlog
e:\evelyn project\evelyn\evelyn\x64\release\evelyn.tlog\rc.write.1.tlog
e:\evelyn project\evelyn\evelyn\x64\release\evelyn.tlog\rc.command.1.tlog
e:\evelyn project\evelyn\evelyn\x64\release\evelyn.tlog\link.command.1.tlog
e:\evelyn project\evelyn\evelyn\x64\release\evelyn.tlog\evelyn.write.1u.tlog
e:\evelyn project\evelyn\evelyn\x64\release\evelyn.tlog\link.read.1.tlog
e:\evelyn project\evelyn\evelyn\x64\release\evelyn.tlog\link.write.1.tlog
e:\evelyn project\evelyn\evelyn\x64\release\evelyn.tlog\link.delete.1.tlog
