e:\evelyn\evelyn\x64\debug\vc142.pdb
e:\evelyn\evelyn\x64\debug\vc142.idb
e:\evelyn\evelyn\x64\debug\viewobject.obj
e:\evelyn\evelyn\x64\debug\evelyn.obj
c:\users\14980\desktop\evelyn\evelyn\x64\debug\vc142.pdb
c:\users\14980\desktop\evelyn\evelyn\x64\debug\vc142.idb
c:\users\14980\desktop\evelyn\evelyn\x64\debug\viewobject.obj
c:\users\14980\desktop\evelyn\evelyn\x64\debug\evelyn.obj
e:\evelyn\x64\debug\evelyn.exe
e:\evelyn\x64\debug\evelyn.ilk
e:\evelyn\x64\debug\evelyn.pdb
c:\users\14980\desktop\evelyn\x64\debug\evelyn.exe
c:\users\14980\desktop\evelyn\x64\debug\evelyn.ilk
c:\users\14980\desktop\evelyn\x64\debug\evelyn.pdb
e:\evelyn\evelyn\x64\debug\evelyn.res
c:\users\14980\desktop\evelyn\evelyn\x64\debug\evelyn.res
c:\users\14980\desktop\evelyn\evelyn\x64\debug\evelyn.tlog\cl.command.1.tlog
c:\users\14980\desktop\evelyn\evelyn\x64\debug\evelyn.tlog\cl.read.1.tlog
c:\users\14980\desktop\evelyn\evelyn\x64\debug\evelyn.tlog\cl.write.1.tlog
c:\users\14980\desktop\evelyn\evelyn\x64\debug\evelyn.tlog\link.command.1.tlog
c:\users\14980\desktop\evelyn\evelyn\x64\debug\evelyn.tlog\link.read.1.tlog
c:\users\14980\desktop\evelyn\evelyn\x64\debug\evelyn.tlog\link.write.1.tlog
c:\users\14980\desktop\evelyn\evelyn\x64\debug\evelyn.tlog\rc.command.1.tlog
c:\users\14980\desktop\evelyn\evelyn\x64\debug\evelyn.tlog\rc.read.1.tlog
c:\users\14980\desktop\evelyn\evelyn\x64\debug\evelyn.tlog\rc.write.1.tlog
